{"name": "test_two", "status": "failed", "statusDetails": {"message": "AssertionError: assert False\n +  where False = hasattr('hello', 'check')", "trace": "self = <test_demo1.TestClass object at 0x0000023D6EEA66A0>\n\n    def test_two(self):\n        x = \"hello\"\n>       assert hasattr(x, 'check')\nE       AssertionError: assert False\nE        +  where False = hasattr('hello', 'check')\n\ntest_demo1.py:10: AssertionError"}, "start": 1571039634228, "stop": 1571039634228, "uuid": "9f41b540-397e-4b16-886a-5357607eaa69", "historyId": "4b2a7fa4666a521c61a69e475448b55a", "fullName": "ptest+allure.test_demo1.TestClass#test_two", "labels": [{"name": "parentSuite", "value": "ptest+allure"}, {"name": "suite", "value": "test_demo1"}, {"name": "subSuite", "value": "TestClass"}, {"name": "host", "value": "DT003-SZ01-NEWT"}, {"name": "thread", "value": "2460-MainThread"}, {"name": "framework", "value": "pytest"}, {"name": "language", "value": "cpython3"}, {"name": "package", "value": "ptest+allure.test_demo1"}]}